# JRE version: OpenJDK Runtime Environment (17.0.7) (build 17.0.7+0-b2043.56-10550314)
# Java VM: OpenJDK 64-Bit Server VM (17.0.7+0-b2043.56-10550314, mixed mode, tiered, compressed oops, compressed class ptrs, g1 gc, windows-amd64)
GC Precious Log:
 CPUs: 12 total, 12 available
 Memory: 6005M
 Large Page Support: Disabled
 NUMA Support: Disabled
 Compressed Oops: Enabled (32-bit)
 Heap Region Size: 1M
 Heap Min Capacity: 8M
 Heap Initial Capacity: 94M
 Heap Max Capacity: 2G
 Pre-touch: Disabled
 Parallel Workers: 10
 Concurrent Workers: 3
 Concurrent Refinement Workers: 10
 Periodic GC: Disabled
Heap:
 garbage-first heap   total 336896K, used 172019K [0x0000000080000000, 0x0000000100000000)
  region size 1024K, 3 young (3072K), 3 survivors (3072K)
 Metaspace       used 117997K, committed 119104K, reserved 1179648K
  class space    used 15737K, committed 16256K, reserved 1048576K
GC Heap History (20 events):
Event: 372.512 GC heap after
{Heap after GC invocations=60 (full 0):
 garbage-first heap   total 282624K, used 147966K [0x0000000080000000, 0x0000000100000000)
  region size 1024K, 2 young (2048K), 2 survivors (2048K)
 Metaspace       used 102761K, committed 103680K, reserved 1179648K
  class space    used 13873K, committed 14336K, reserved 1048576K
}
Event: 374.366 GC heap before
{Heap before GC invocations=60 (full 0):
 garbage-first heap   total 282624K, used 233982K [0x0000000080000000, 0x0000000100000000)
  region size 1024K, 86 young (88064K), 2 survivors (2048K)
 Metaspace       used 107737K, committed 108736K, reserved 1179648K
  class space    used 14587K, committed 15040K, reserved 1048576K
}
Event: 374.382 GC heap after
{Heap after GC invocations=61 (full 0):
 garbage-first heap   total 282624K, used 151123K [0x0000000080000000, 0x0000000100000000)
  region size 1024K, 5 young (5120K), 5 survivors (5120K)
 Metaspace       used 107737K, committed 108736K, reserved 1179648K
  class space    used 14587K, committed 15040K, reserved 1048576K
}
Event: 377.331 GC heap before
{Heap before GC invocations=62 (full 0):
 garbage-first heap   total 282624K, used 233043K [0x0000000080000000, 0x0000000100000000)
  region size 1024K, 86 young (88064K), 5 survivors (5120K)
 Metaspace       used 114776K, committed 115776K, reserved 1179648K
  class space    used 15441K, committed 15872K, reserved 1048576K
}
Event: 377.350 GC heap after
{Heap after GC invocations=63 (full 0):
 garbage-first heap   total 282624K, used 157844K [0x0000000080000000, 0x0000000100000000)
  region size 1024K, 11 young (11264K), 11 survivors (11264K)
 Metaspace       used 114776K, committed 115776K, reserved 1179648K
  class space    used 15441K, committed 15872K, reserved 1048576K
}
Event: 377.427 GC heap before
{Heap before GC invocations=63 (full 0):
 garbage-first heap   total 282624K, used 159892K [0x0000000080000000, 0x0000000100000000)
  region size 1024K, 13 young (13312K), 11 survivors (11264K)
 Metaspace       used 115224K, committed 116288K, reserved 1179648K
  class space    used 15505K, committed 16000K, reserved 1048576K
}
Event: 377.632 GC heap after
{Heap after GC invocations=64 (full 0):
 garbage-first heap   total 282624K, used 157378K [0x0000000080000000, 0x0000000100000000)
  region size 1024K, 2 young (2048K), 2 survivors (2048K)
 Metaspace       used 115224K, committed 116288K, reserved 1179648K
  class space    used 15505K, committed 16000K, reserved 1048576K
}
Event: 394.238 GC heap before
{Heap before GC invocations=64 (full 0):
 garbage-first heap   total 282624K, used 234178K [0x0000000080000000, 0x0000000100000000)
  region size 1024K, 78 young (79872K), 2 survivors (2048K)
 Metaspace       used 116157K, committed 117184K, reserved 1179648K
  class space    used 15614K, committed 16064K, reserved 1048576K
}
Event: 394.245 GC heap after
{Heap after GC invocations=65 (full 0):
 garbage-first heap   total 282624K, used 162731K [0x0000000080000000, 0x0000000100000000)
  region size 1024K, 7 young (7168K), 7 survivors (7168K)
 Metaspace       used 116157K, committed 117184K, reserved 1179648K
  class space    used 15614K, committed 16064K, reserved 1048576K
}
Event: 817.066 GC heap before
{Heap before GC invocations=66 (full 0):
 garbage-first heap   total 283648K, used 234411K [0x0000000080000000, 0x0000000100000000)
  region size 1024K, 78 young (79872K), 7 survivors (7168K)
 Metaspace       used 117068K, committed 118208K, reserved 1179648K
  class space    used 15677K, committed 16192K, reserved 1048576K
}
Event: 817.122 GC heap after
{Heap after GC invocations=67 (full 0):
 garbage-first heap   total 283648K, used 168907K [0x0000000080000000, 0x0000000100000000)
  region size 1024K, 7 young (7168K), 7 survivors (7168K)
 Metaspace       used 117068K, committed 118208K, reserved 1179648K
  class space    used 15677K, committed 16192K, reserved 1048576K
}
Event: 817.190 GC heap before
{Heap before GC invocations=67 (full 0):
 garbage-first heap   total 283648K, used 175051K [0x0000000080000000, 0x0000000100000000)
  region size 1024K, 13 young (13312K), 7 survivors (7168K)
 Metaspace       used 117099K, committed 118208K, reserved 1179648K
  class space    used 15681K, committed 16192K, reserved 1048576K
}
Event: 817.215 GC heap after
{Heap after GC invocations=68 (full 0):
 garbage-first heap   total 283648K, used 167580K [0x0000000080000000, 0x0000000100000000)
  region size 1024K, 2 young (2048K), 2 survivors (2048K)
 Metaspace       used 117099K, committed 118208K, reserved 1179648K
  class space    used 15681K, committed 16192K, reserved 1048576K
}
Event: 818.602 GC heap before
{Heap before GC invocations=68 (full 0):
 garbage-first heap   total 283648K, used 234140K [0x0000000080000000, 0x0000000100000000)
  region size 1024K, 68 young (69632K), 2 survivors (2048K)
 Metaspace       used 117641K, committed 118784K, reserved 1179648K
  class space    used 15723K, committed 16256K, reserved 1048576K
}
Event: 818.614 GC heap after
{Heap after GC invocations=69 (full 0):
 garbage-first heap   total 283648K, used 175324K [0x0000000080000000, 0x0000000100000000)
  region size 1024K, 9 young (9216K), 9 survivors (9216K)
 Metaspace       used 117641K, committed 118784K, reserved 1179648K
  class space    used 15723K, committed 16256K, reserved 1048576K
}
Event: 2029.614 GC heap before
{Heap before GC invocations=70 (full 0):
 garbage-first heap   total 336896K, used 234716K [0x0000000080000000, 0x0000000100000000)
  region size 1024K, 68 young (69632K), 9 survivors (9216K)
 Metaspace       used 117990K, committed 119104K, reserved 1179648K
  class space    used 15737K, committed 16256K, reserved 1048576K
}
Event: 2029.732 GC heap after
{Heap after GC invocations=71 (full 0):
 garbage-first heap   total 336896K, used 178124K [0x0000000080000000, 0x0000000100000000)
  region size 1024K, 4 young (4096K), 4 survivors (4096K)
 Metaspace       used 117990K, committed 119104K, reserved 1179648K
  class space    used 15737K, committed 16256K, reserved 1048576K
}
Event: 2030.215 GC heap before
{Heap before GC invocations=71 (full 0):
 garbage-first heap   total 336896K, used 189388K [0x0000000080000000, 0x0000000100000000)
  region size 1024K, 16 young (16384K), 4 survivors (4096K)
 Metaspace       used 117995K, committed 119104K, reserved 1179648K
  class space    used 15737K, committed 16256K, reserved 1048576K
}
Event: 2030.245 GC heap after
{Heap after GC invocations=72 (full 0):
 garbage-first heap   total 336896K, used 171540K [0x0000000080000000, 0x0000000100000000)
  region size 1024K, 2 young (2048K), 2 survivors (2048K)
 Metaspace       used 117995K, committed 119104K, reserved 1179648K
  class space    used 15737K, committed 16256K, reserved 1048576K
}
Event: 2030.352 GC heap before
{Heap before GC invocations=72 (full 0):
 garbage-first heap   total 336896K, used 176660K [0x0000000080000000, 0x0000000100000000)
  region size 1024K, 8 young (8192K), 2 survivors (2048K)
 Metaspace       used 117997K, committed 119104K, reserved 1179648K
  class space    used 15737K, committed 16256K, reserved 1048576K
}

